<?xml version="1.0" encoding="UTF-8" ?>
<testsuite failures="1" time="9.427" errors="0" skipped="0" tests="2" name="tests.OksanaTest">
  <properties>
    <property name="java.runtime.name" value="Java(TM) SE Runtime Environment"/>
    <property name="sun.boot.library.path" value="C:\Program Files\Java\jdk1.7.0_79\jre\bin"/>
    <property name="java.vm.version" value="24.79-b02"/>
    <property name="user.country.format" value="UA"/>
    <property name="java.vm.vendor" value="Oracle Corporation"/>
    <property name="java.vendor.url" value="http://java.oracle.com/"/>
    <property name="path.separator" value=";"/>
    <property name="java.vm.name" value="Java HotSpot(TM) 64-Bit Server VM"/>
    <property name="file.encoding.pkg" value="sun.io"/>
    <property name="user.script" value=""/>
    <property name="user.country" value="US"/>
    <property name="sun.java.launcher" value="SUN_STANDARD"/>
    <property name="sun.os.patch.level" value="Service Pack 1"/>
    <property name="java.vm.specification.name" value="Java Virtual Machine Specification"/>
    <property name="user.dir" value="D:\Workspace\Thycididies"/>
    <property name="webdriver.driver" value="chrome"/>
    <property name="java.runtime.version" value="1.7.0_79-b15"/>
    <property name="java.awt.graphicsenv" value="sun.awt.Win32GraphicsEnvironment"/>
    <property name="basedir" value="D:\Workspace\Thycididies"/>
    <property name="java.endorsed.dirs" value="C:\Program Files\Java\jdk1.7.0_79\jre\lib\endorsed"/>
    <property name="os.arch" value="amd64"/>
    <property name="surefire.real.class.path" value="D:\Workspace\Thycididies\target\surefire\surefirebooter9193070599784600487.jar"/>
    <property name="java.io.tmpdir" value="C:\Users\rtret\AppData\Local\Temp\"/>
    <property name="line.separator" value="
"/>
    <property name="java.vm.specification.vendor" value="Oracle Corporation"/>
    <property name="user.variant" value=""/>
    <property name="os.name" value="Windows 7"/>
    <property name="sun.jnu.encoding" value="Cp1251"/>
    <property name="java.library.path" value="C:\Program Files\Java\jdk1.7.0_79\jre\bin;C:\Windows\Sun\Java\bin;C:\Windows\system32;C:\Windows;C:\Program Files\Apache\maven/bin;C:\Program Files\Java\jdk1.7.0_79/bin;C:\Program Files\Java\jdk1.7.0_79/bin;C:\Program Files (x86)\Intel\iCLS Client\;C:\Program Files\Intel\iCLS Client\;C:\Windows\system32;C:\Windows;C:\Windows\System32\Wbem;C:\Windows\System32\WindowsPowerShell\v1.0\;C:\Program Files\Intel\Intel(R) Management Engine Components\DAL;C:\Program Files\Intel\Intel(R) Management Engine Components\IPT;C:\Program Files (x86)\Intel\Intel(R) Management Engine Components\DAL;C:\Program Files (x86)\Intel\Intel(R) Management Engine Components\IPT;C:\Program Files\TortoiseSVN\bin;C:\Program Files (x86)\Skype\Phone;C:\Program Files\Java\jre7\bin;C:\Program Files (x86)\HP\Unified Functional Testing\bin;C:\Program Files\Apache\maven\bin;C:\Program Files\Apache\maven\bin;C:\Program Files (x86)\Intel\iCLS Client\;C:\Program Files\Intel\iCLS Client\;C:\Windows\system32;C:\Windows;C:\Windows\System32\Wbem;C:\Windows\System32\WindowsPowerShell\v1.0\;C:\Program Files\Intel\Intel(R) Management Engine Components\DAL;C:\Program Files\Intel\Intel(R) Management Engine Components\IPT;C:\Program Files (x86)\Intel\Intel(R) Management Engine Components\DAL;C:\Program Files (x86)\Intel\Intel(R) Management Engine Components\IPT;C:\Program Files (x86)\Skype\Phone\;C:\Program Files\TortoiseSVN\bin;C:\Program Files (x86)\HP\Unified Functional Testing\bin;C:\Program Files\Java\jre7\bin;."/>
    <property name="surefire.test.class.path" value="D:\Workspace\Thycididies\target\test-classes;D:\Workspace\Thycididies\target\classes;C:\Users\rtret\.m2\repository\junit\junit\4.11\junit-4.11.jar;C:\Users\rtret\.m2\repository\org\hamcrest\hamcrest-core\1.3\hamcrest-core-1.3.jar;C:\Users\rtret\.m2\repository\org\hamcrest\hamcrest-all\1.3\hamcrest-all-1.3.jar;C:\Users\rtret\.m2\repository\net\thucydides\thucydides-junit\0.9.228\thucydides-junit-0.9.228.jar;C:\Users\rtret\.m2\repository\net\thucydides\thucydides-core\0.9.228\thucydides-core-0.9.228.jar;C:\Users\rtret\.m2\repository\com\fasterxml\jackson\core\jackson-core\2.2.0\jackson-core-2.2.0.jar;C:\Users\rtret\.m2\repository\com\fasterxml\jackson\core\jackson-annotations\2.2.0\jackson-annotations-2.2.0.jar;C:\Users\rtret\.m2\repository\com\fasterxml\jackson\core\jackson-databind\2.2.0\jackson-databind-2.2.0.jar;C:\Users\rtret\.m2\repository\cglib\cglib\2.2.2\cglib-2.2.2.jar;C:\Users\rtret\.m2\repository\commons-codec\commons-codec\1.6\commons-codec-1.6.jar;C:\Users\rtret\.m2\repository\com\opera\operadriver\1.4\operadriver-1.4.jar;C:\Users\rtret\.m2\repository\com\opera\operalaunchers\1.1\operalaunchers-1.1.jar;C:\Users\rtret\.m2\repository\com\google\protobuf\protobuf-java\2.4.1\protobuf-java-2.4.1.jar;C:\Users\rtret\.m2\repository\commons-jxpath\commons-jxpath\1.3\commons-jxpath-1.3.jar;C:\Users\rtret\.m2\repository\org\apache\commons\commons-exec\1.1\commons-exec-1.1.jar;C:\Users\rtret\.m2\repository\org\ini4j\ini4j\0.5.2\ini4j-0.5.2.jar;C:\Users\rtret\.m2\repository\org\seleniumhq\selenium\selenium-server\2.37.1\selenium-server-2.37.1.jar;C:\Users\rtret\.m2\repository\org\bouncycastle\bcprov-jdk15on\1.48\bcprov-jdk15on-1.48.jar;C:\Users\rtret\.m2\repository\org\bouncycastle\bcpkix-jdk15on\1.48\bcpkix-jdk15on-1.48.jar;C:\Users\rtret\.m2\repository\mx4j\mx4j-tools\3.0.1\mx4j-tools-3.0.1.jar;C:\Users\rtret\.m2\repository\org\mortbay\jetty\servlet-api-2.5\6.1.9\servlet-api-2.5-6.1.9.jar;C:\Users\rtret\.m2\repository\org\seleniumhq\selenium\jetty-repacked\7.6.1\jetty-repacked-7.6.1.jar;C:\Users\rtret\.m2\repository\net\jcip\jcip-annotations\1.0\jcip-annotations-1.0.jar;C:\Users\rtret\.m2\repository\org\seleniumhq\selenium\selenium-java\2.37.1\selenium-java-2.37.1.jar;C:\Users\rtret\.m2\repository\org\seleniumhq\selenium\selenium-android-driver\2.37.1\selenium-android-driver-2.37.1.jar;C:\Users\rtret\.m2\repository\org\seleniumhq\selenium\selenium-remote-driver\2.37.1\selenium-remote-driver-2.37.1.jar;C:\Users\rtret\.m2\repository\org\json\json\20080701\json-20080701.jar;C:\Users\rtret\.m2\repository\org\seleniumhq\selenium\selenium-chrome-driver\2.37.1\selenium-chrome-driver-2.37.1.jar;C:\Users\rtret\.m2\repository\org\seleniumhq\selenium\selenium-htmlunit-driver\2.37.1\selenium-htmlunit-driver-2.37.1.jar;C:\Users\rtret\.m2\repository\net\sourceforge\htmlunit\htmlunit\2.13\htmlunit-2.13.jar;C:\Users\rtret\.m2\repository\xalan\xalan\2.7.1\xalan-2.7.1.jar;C:\Users\rtret\.m2\repository\xalan\serializer\2.7.1\serializer-2.7.1.jar;C:\Users\rtret\.m2\repository\org\apache\httpcomponents\httpmime\4.3.1\httpmime-4.3.1.jar;C:\Users\rtret\.m2\repository\net\sourceforge\htmlunit\htmlunit-core-js\2.13\htmlunit-core-js-2.13.jar;C:\Users\rtret\.m2\repository\xerces\xercesImpl\2.11.0\xercesImpl-2.11.0.jar;C:\Users\rtret\.m2\repository\net\sourceforge\nekohtml\nekohtml\1.9.19\nekohtml-1.9.19.jar;C:\Users\rtret\.m2\repository\net\sourceforge\cssparser\cssparser\0.9.11\cssparser-0.9.11.jar;C:\Users\rtret\.m2\repository\org\w3c\css\sac\1.3\sac-1.3.jar;C:\Users\rtret\.m2\repository\org\eclipse\jetty\jetty-websocket\8.1.12.v20130726\jetty-websocket-8.1.12.v20130726.jar;C:\Users\rtret\.m2\repository\org\eclipse\jetty\jetty-util\8.1.12.v20130726\jetty-util-8.1.12.v20130726.jar;C:\Users\rtret\.m2\repository\org\eclipse\jetty\jetty-io\8.1.12.v20130726\jetty-io-8.1.12.v20130726.jar;C:\Users\rtret\.m2\repository\org\eclipse\jetty\jetty-http\8.1.12.v20130726\jetty-http-8.1.12.v20130726.jar;C:\Users\rtret\.m2\repository\org\apache\httpcomponents\httpclient\4.3\httpclient-4.3.jar;C:\Users\rtret\.m2\repository\org\apache\httpcomponents\httpcore\4.3\httpcore-4.3.jar;C:\Users\rtret\.m2\repository\org\seleniumhq\selenium\selenium-firefox-driver\2.37.1\selenium-firefox-driver-2.37.1.jar;C:\Users\rtret\.m2\repository\org\seleniumhq\selenium\selenium-ie-driver\2.37.1\selenium-ie-driver-2.37.1.jar;C:\Users\rtret\.m2\repository\net\java\dev\jna\jna\3.4.0\jna-3.4.0.jar;C:\Users\rtret\.m2\repository\net\java\dev\jna\platform\3.4.0\platform-3.4.0.jar;C:\Users\rtret\.m2\repository\org\seleniumhq\selenium\selenium-iphone-driver\2.37.1\selenium-iphone-driver-2.37.1.jar;C:\Users\rtret\.m2\repository\org\seleniumhq\selenium\selenium-safari-driver\2.37.1\selenium-safari-driver-2.37.1.jar;C:\Users\rtret\.m2\repository\org\seleniumhq\selenium\selenium-support\2.37.1\selenium-support-2.37.1.jar;C:\Users\rtret\.m2\repository\org\seleniumhq\selenium\selenium-api\2.37.1\selenium-api-2.37.1.jar;C:\Users\rtret\.m2\repository\org\webbitserver\webbit\0.4.14\webbit-0.4.14.jar;C:\Users\rtret\.m2\repository\io\netty\netty\3.5.2.Final\netty-3.5.2.Final.jar;C:\Users\rtret\.m2\repository\org\yaml\snakeyaml\1.8\snakeyaml-1.8.jar;C:\Users\rtret\.m2\repository\com\github\detro\ghostdriver\phantomjsdriver\1.0.4\phantomjsdriver-1.0.4.jar;C:\Users\rtret\.m2\repository\org\hamcrest\hamcrest-integration\1.3\hamcrest-integration-1.3.jar;C:\Users\rtret\.m2\repository\org\hamcrest\hamcrest-library\1.3\hamcrest-library-1.3.jar;C:\Users\rtret\.m2\repository\net\sf\opencsv\opencsv\2.0\opencsv-2.0.jar;C:\Users\rtret\.m2\repository\commons-beanutils\commons-beanutils-core\1.8.3\commons-beanutils-core-1.8.3.jar;C:\Users\rtret\.m2\repository\commons-logging\commons-logging\1.1.1\commons-logging-1.1.1.jar;C:\Users\rtret\.m2\repository\com\googlecode\lambdaj\lambdaj\2.3.3\lambdaj-2.3.3.jar;C:\Users\rtret\.m2\repository\org\objenesis\objenesis\1.2\objenesis-1.2.jar;C:\Users\rtret\.m2\repository\com\google\guava\guava\15.0\guava-15.0.jar;C:\Users\rtret\.m2\repository\joda-time\joda-time\2.0\joda-time-2.0.jar;C:\Users\rtret\.m2\repository\com\thoughtworks\xstream\xstream\1.4.1\xstream-1.4.1.jar;C:\Users\rtret\.m2\repository\xmlpull\xmlpull\1.1.3.1\xmlpull-1.1.3.1.jar;C:\Users\rtret\.m2\repository\xpp3\xpp3_min\1.1.4c\xpp3_min-1.1.4c.jar;C:\Users\rtret\.m2\repository\net\thucydides\thucydides-report-resources\0.9.228\thucydides-report-resources-0.9.228.jar;C:\Users\rtret\.m2\repository\org\apache\commons\commons-lang3\3.1\commons-lang3-3.1.jar;C:\Users\rtret\.m2\repository\net\sf\flexjson\flexjson\2.1\flexjson-2.1.jar;C:\Users\rtret\.m2\repository\commons-io\commons-io\2.4\commons-io-2.4.jar;C:\Users\rtret\.m2\repository\org\freemarker\freemarker\2.3.19\freemarker-2.3.19.jar;C:\Users\rtret\.m2\repository\net\sourceforge\jexcelapi\jxl\2.6.12\jxl-2.6.12.jar;C:\Users\rtret\.m2\repository\asm\asm\3.3.1\asm-3.3.1.jar;C:\Users\rtret\.m2\repository\commons-collections\commons-collections\3.2.1\commons-collections-3.2.1.jar;C:\Users\rtret\.m2\repository\org\fluentlenium\fluentlenium-core\0.7.3\fluentlenium-core-0.7.3.jar;C:\Users\rtret\.m2\repository\junit\junit-dep\4.8.2\junit-dep-4.8.2.jar;C:\Users\rtret\.m2\repository\xml-apis\xml-apis\1.4.01\xml-apis-1.4.01.jar;C:\Users\rtret\.m2\repository\com\jhlabs\filters\2.0.235\filters-2.0.235.jar;C:\Users\rtret\.m2\repository\org\asciidoctor\asciidoctor-java-integration\0.1.3\asciidoctor-java-integration-0.1.3.jar;C:\Users\rtret\.m2\repository\org\jruby\jruby-complete\1.7.4\jruby-complete-1.7.4.jar;C:\Users\rtret\.m2\repository\com\beust\jcommander\1.30\jcommander-1.30.jar;C:\Users\rtret\.m2\repository\com\google\code\gson\gson\2.2.4\gson-2.2.4.jar;C:\Users\rtret\.m2\repository\com\google\inject\guice\3.0\guice-3.0.jar;C:\Users\rtret\.m2\repository\javax\inject\javax.inject\1\javax.inject-1.jar;C:\Users\rtret\.m2\repository\aopalliance\aopalliance\1.0\aopalliance-1.0.jar;C:\Users\rtret\.m2\repository\org\slf4j\slf4j-api\1.6.4\slf4j-api-1.6.4.jar;C:\Users\rtret\.m2\repository\log4j\log4j\1.2.17\log4j-1.2.17.jar;"/>
    <property name="java.specification.name" value="Java Platform API Specification"/>
    <property name="java.class.version" value="51.0"/>
    <property name="sun.management.compiler" value="HotSpot 64-Bit Tiered Compilers"/>
    <property name="os.version" value="6.1"/>
    <property name="user.home" value="C:\Users\rtret"/>
    <property name="user.timezone" value="Europe/Helsinki"/>
    <property name="java.awt.printerjob" value="sun.awt.windows.WPrinterJob"/>
    <property name="java.specification.version" value="1.7"/>
    <property name="file.encoding" value="Cp1251"/>
    <property name="user.name" value="rtret"/>
    <property name="java.class.path" value="D:\Workspace\Thycididies\target\test-classes;D:\Workspace\Thycididies\target\classes;C:\Users\rtret\.m2\repository\junit\junit\4.11\junit-4.11.jar;C:\Users\rtret\.m2\repository\org\hamcrest\hamcrest-core\1.3\hamcrest-core-1.3.jar;C:\Users\rtret\.m2\repository\org\hamcrest\hamcrest-all\1.3\hamcrest-all-1.3.jar;C:\Users\rtret\.m2\repository\net\thucydides\thucydides-junit\0.9.228\thucydides-junit-0.9.228.jar;C:\Users\rtret\.m2\repository\net\thucydides\thucydides-core\0.9.228\thucydides-core-0.9.228.jar;C:\Users\rtret\.m2\repository\com\fasterxml\jackson\core\jackson-core\2.2.0\jackson-core-2.2.0.jar;C:\Users\rtret\.m2\repository\com\fasterxml\jackson\core\jackson-annotations\2.2.0\jackson-annotations-2.2.0.jar;C:\Users\rtret\.m2\repository\com\fasterxml\jackson\core\jackson-databind\2.2.0\jackson-databind-2.2.0.jar;C:\Users\rtret\.m2\repository\cglib\cglib\2.2.2\cglib-2.2.2.jar;C:\Users\rtret\.m2\repository\commons-codec\commons-codec\1.6\commons-codec-1.6.jar;C:\Users\rtret\.m2\repository\com\opera\operadriver\1.4\operadriver-1.4.jar;C:\Users\rtret\.m2\repository\com\opera\operalaunchers\1.1\operalaunchers-1.1.jar;C:\Users\rtret\.m2\repository\com\google\protobuf\protobuf-java\2.4.1\protobuf-java-2.4.1.jar;C:\Users\rtret\.m2\repository\commons-jxpath\commons-jxpath\1.3\commons-jxpath-1.3.jar;C:\Users\rtret\.m2\repository\org\apache\commons\commons-exec\1.1\commons-exec-1.1.jar;C:\Users\rtret\.m2\repository\org\ini4j\ini4j\0.5.2\ini4j-0.5.2.jar;C:\Users\rtret\.m2\repository\org\seleniumhq\selenium\selenium-server\2.37.1\selenium-server-2.37.1.jar;C:\Users\rtret\.m2\repository\org\bouncycastle\bcprov-jdk15on\1.48\bcprov-jdk15on-1.48.jar;C:\Users\rtret\.m2\repository\org\bouncycastle\bcpkix-jdk15on\1.48\bcpkix-jdk15on-1.48.jar;C:\Users\rtret\.m2\repository\mx4j\mx4j-tools\3.0.1\mx4j-tools-3.0.1.jar;C:\Users\rtret\.m2\repository\org\mortbay\jetty\servlet-api-2.5\6.1.9\servlet-api-2.5-6.1.9.jar;C:\Users\rtret\.m2\repository\org\seleniumhq\selenium\jetty-repacked\7.6.1\jetty-repacked-7.6.1.jar;C:\Users\rtret\.m2\repository\net\jcip\jcip-annotations\1.0\jcip-annotations-1.0.jar;C:\Users\rtret\.m2\repository\org\seleniumhq\selenium\selenium-java\2.37.1\selenium-java-2.37.1.jar;C:\Users\rtret\.m2\repository\org\seleniumhq\selenium\selenium-android-driver\2.37.1\selenium-android-driver-2.37.1.jar;C:\Users\rtret\.m2\repository\org\seleniumhq\selenium\selenium-remote-driver\2.37.1\selenium-remote-driver-2.37.1.jar;C:\Users\rtret\.m2\repository\org\json\json\20080701\json-20080701.jar;C:\Users\rtret\.m2\repository\org\seleniumhq\selenium\selenium-chrome-driver\2.37.1\selenium-chrome-driver-2.37.1.jar;C:\Users\rtret\.m2\repository\org\seleniumhq\selenium\selenium-htmlunit-driver\2.37.1\selenium-htmlunit-driver-2.37.1.jar;C:\Users\rtret\.m2\repository\net\sourceforge\htmlunit\htmlunit\2.13\htmlunit-2.13.jar;C:\Users\rtret\.m2\repository\xalan\xalan\2.7.1\xalan-2.7.1.jar;C:\Users\rtret\.m2\repository\xalan\serializer\2.7.1\serializer-2.7.1.jar;C:\Users\rtret\.m2\repository\org\apache\httpcomponents\httpmime\4.3.1\httpmime-4.3.1.jar;C:\Users\rtret\.m2\repository\net\sourceforge\htmlunit\htmlunit-core-js\2.13\htmlunit-core-js-2.13.jar;C:\Users\rtret\.m2\repository\xerces\xercesImpl\2.11.0\xercesImpl-2.11.0.jar;C:\Users\rtret\.m2\repository\net\sourceforge\nekohtml\nekohtml\1.9.19\nekohtml-1.9.19.jar;C:\Users\rtret\.m2\repository\net\sourceforge\cssparser\cssparser\0.9.11\cssparser-0.9.11.jar;C:\Users\rtret\.m2\repository\org\w3c\css\sac\1.3\sac-1.3.jar;C:\Users\rtret\.m2\repository\org\eclipse\jetty\jetty-websocket\8.1.12.v20130726\jetty-websocket-8.1.12.v20130726.jar;C:\Users\rtret\.m2\repository\org\eclipse\jetty\jetty-util\8.1.12.v20130726\jetty-util-8.1.12.v20130726.jar;C:\Users\rtret\.m2\repository\org\eclipse\jetty\jetty-io\8.1.12.v20130726\jetty-io-8.1.12.v20130726.jar;C:\Users\rtret\.m2\repository\org\eclipse\jetty\jetty-http\8.1.12.v20130726\jetty-http-8.1.12.v20130726.jar;C:\Users\rtret\.m2\repository\org\apache\httpcomponents\httpclient\4.3\httpclient-4.3.jar;C:\Users\rtret\.m2\repository\org\apache\httpcomponents\httpcore\4.3\httpcore-4.3.jar;C:\Users\rtret\.m2\repository\org\seleniumhq\selenium\selenium-firefox-driver\2.37.1\selenium-firefox-driver-2.37.1.jar;C:\Users\rtret\.m2\repository\org\seleniumhq\selenium\selenium-ie-driver\2.37.1\selenium-ie-driver-2.37.1.jar;C:\Users\rtret\.m2\repository\net\java\dev\jna\jna\3.4.0\jna-3.4.0.jar;C:\Users\rtret\.m2\repository\net\java\dev\jna\platform\3.4.0\platform-3.4.0.jar;C:\Users\rtret\.m2\repository\org\seleniumhq\selenium\selenium-iphone-driver\2.37.1\selenium-iphone-driver-2.37.1.jar;C:\Users\rtret\.m2\repository\org\seleniumhq\selenium\selenium-safari-driver\2.37.1\selenium-safari-driver-2.37.1.jar;C:\Users\rtret\.m2\repository\org\seleniumhq\selenium\selenium-support\2.37.1\selenium-support-2.37.1.jar;C:\Users\rtret\.m2\repository\org\seleniumhq\selenium\selenium-api\2.37.1\selenium-api-2.37.1.jar;C:\Users\rtret\.m2\repository\org\webbitserver\webbit\0.4.14\webbit-0.4.14.jar;C:\Users\rtret\.m2\repository\io\netty\netty\3.5.2.Final\netty-3.5.2.Final.jar;C:\Users\rtret\.m2\repository\org\yaml\snakeyaml\1.8\snakeyaml-1.8.jar;C:\Users\rtret\.m2\repository\com\github\detro\ghostdriver\phantomjsdriver\1.0.4\phantomjsdriver-1.0.4.jar;C:\Users\rtret\.m2\repository\org\hamcrest\hamcrest-integration\1.3\hamcrest-integration-1.3.jar;C:\Users\rtret\.m2\repository\org\hamcrest\hamcrest-library\1.3\hamcrest-library-1.3.jar;C:\Users\rtret\.m2\repository\net\sf\opencsv\opencsv\2.0\opencsv-2.0.jar;C:\Users\rtret\.m2\repository\commons-beanutils\commons-beanutils-core\1.8.3\commons-beanutils-core-1.8.3.jar;C:\Users\rtret\.m2\repository\commons-logging\commons-logging\1.1.1\commons-logging-1.1.1.jar;C:\Users\rtret\.m2\repository\com\googlecode\lambdaj\lambdaj\2.3.3\lambdaj-2.3.3.jar;C:\Users\rtret\.m2\repository\org\objenesis\objenesis\1.2\objenesis-1.2.jar;C:\Users\rtret\.m2\repository\com\google\guava\guava\15.0\guava-15.0.jar;C:\Users\rtret\.m2\repository\joda-time\joda-time\2.0\joda-time-2.0.jar;C:\Users\rtret\.m2\repository\com\thoughtworks\xstream\xstream\1.4.1\xstream-1.4.1.jar;C:\Users\rtret\.m2\repository\xmlpull\xmlpull\1.1.3.1\xmlpull-1.1.3.1.jar;C:\Users\rtret\.m2\repository\xpp3\xpp3_min\1.1.4c\xpp3_min-1.1.4c.jar;C:\Users\rtret\.m2\repository\net\thucydides\thucydides-report-resources\0.9.228\thucydides-report-resources-0.9.228.jar;C:\Users\rtret\.m2\repository\org\apache\commons\commons-lang3\3.1\commons-lang3-3.1.jar;C:\Users\rtret\.m2\repository\net\sf\flexjson\flexjson\2.1\flexjson-2.1.jar;C:\Users\rtret\.m2\repository\commons-io\commons-io\2.4\commons-io-2.4.jar;C:\Users\rtret\.m2\repository\org\freemarker\freemarker\2.3.19\freemarker-2.3.19.jar;C:\Users\rtret\.m2\repository\net\sourceforge\jexcelapi\jxl\2.6.12\jxl-2.6.12.jar;C:\Users\rtret\.m2\repository\asm\asm\3.3.1\asm-3.3.1.jar;C:\Users\rtret\.m2\repository\commons-collections\commons-collections\3.2.1\commons-collections-3.2.1.jar;C:\Users\rtret\.m2\repository\org\fluentlenium\fluentlenium-core\0.7.3\fluentlenium-core-0.7.3.jar;C:\Users\rtret\.m2\repository\junit\junit-dep\4.8.2\junit-dep-4.8.2.jar;C:\Users\rtret\.m2\repository\xml-apis\xml-apis\1.4.01\xml-apis-1.4.01.jar;C:\Users\rtret\.m2\repository\com\jhlabs\filters\2.0.235\filters-2.0.235.jar;C:\Users\rtret\.m2\repository\org\asciidoctor\asciidoctor-java-integration\0.1.3\asciidoctor-java-integration-0.1.3.jar;C:\Users\rtret\.m2\repository\org\jruby\jruby-complete\1.7.4\jruby-complete-1.7.4.jar;C:\Users\rtret\.m2\repository\com\beust\jcommander\1.30\jcommander-1.30.jar;C:\Users\rtret\.m2\repository\com\google\code\gson\gson\2.2.4\gson-2.2.4.jar;C:\Users\rtret\.m2\repository\com\google\inject\guice\3.0\guice-3.0.jar;C:\Users\rtret\.m2\repository\javax\inject\javax.inject\1\javax.inject-1.jar;C:\Users\rtret\.m2\repository\aopalliance\aopalliance\1.0\aopalliance-1.0.jar;C:\Users\rtret\.m2\repository\org\slf4j\slf4j-api\1.6.4\slf4j-api-1.6.4.jar;C:\Users\rtret\.m2\repository\log4j\log4j\1.2.17\log4j-1.2.17.jar;"/>
    <property name="java.vm.specification.version" value="1.7"/>
    <property name="sun.arch.data.model" value="64"/>
    <property name="java.home" value="C:\Program Files\Java\jdk1.7.0_79\jre"/>
    <property name="sun.java.command" value="D:\Workspace\Thycididies\target\surefire\surefirebooter9193070599784600487.jar D:\Workspace\Thycididies\target\surefire\surefire89057796724803416tmp D:\Workspace\Thycididies\target\surefire\surefire3962387431569682369tmp"/>
    <property name="java.specification.vendor" value="Oracle Corporation"/>
    <property name="user.language" value="en"/>
    <property name="user.language.format" value="uk"/>
    <property name="awt.toolkit" value="sun.awt.windows.WToolkit"/>
    <property name="java.vm.info" value="mixed mode"/>
    <property name="java.version" value="1.7.0_79"/>
    <property name="java.ext.dirs" value="C:\Program Files\Java\jdk1.7.0_79\jre\lib\ext;C:\Windows\Sun\Java\lib\ext"/>
    <property name="sun.boot.class.path" value="C:\Program Files\Java\jdk1.7.0_79\jre\lib\resources.jar;C:\Program Files\Java\jdk1.7.0_79\jre\lib\rt.jar;C:\Program Files\Java\jdk1.7.0_79\jre\lib\sunrsasign.jar;C:\Program Files\Java\jdk1.7.0_79\jre\lib\jsse.jar;C:\Program Files\Java\jdk1.7.0_79\jre\lib\jce.jar;C:\Program Files\Java\jdk1.7.0_79\jre\lib\charsets.jar;C:\Program Files\Java\jdk1.7.0_79\jre\lib\jfr.jar;C:\Program Files\Java\jdk1.7.0_79\jre\classes;C:\Program Files (x86)\HP\Unified Functional Testing\bin\java_shared\classes;C:\Program Files (x86)\HP\Unified Functional Testing\bin\java_shared\classes\jasmine.jar"/>
    <property name="webdriver.chrome.driver" value="./src/test/resources/chromedriver.exe"/>
    <property name="java.vendor" value="Oracle Corporation"/>
    <property name="localRepository" value="C:\Users\rtret\.m2\repository"/>
    <property name="file.separator" value="\"/>
    <property name="java.vendor.url.bug" value="http://bugreport.sun.com/bugreport/"/>
    <property name="sun.cpu.endian" value="little"/>
    <property name="sun.io.unicode.encoding" value="UnicodeLittle"/>
    <property name="sun.desktop" value="windows"/>
    <property name="sun.cpu.isalist" value="amd64"/>
  </properties>
  <testcase time="0.007" classname="tests.OksanaTest" name="OksanaMethod1">
    <failure message="Errors are not valid" type="java.lang.AssertionError">java.lang.AssertionError: Errors are not valid
	at org.hamcrest.MatcherAssert.assertThat(MatcherAssert.java:26)
	at tests.OksanaTest.OksanaMethod1(OksanaTest.java:50)
	at sun.reflect.NativeMethodAccessorImpl.invoke0(Native Method)
	at sun.reflect.NativeMethodAccessorImpl.invoke(NativeMethodAccessorImpl.java:57)
	at sun.reflect.DelegatingMethodAccessorImpl.invoke(DelegatingMethodAccessorImpl.java:43)
	at java.lang.reflect.Method.invoke(Method.java:606)
	at org.junit.runners.model.FrameworkMethod$1.runReflectiveCall(FrameworkMethod.java:47)
	at org.junit.internal.runners.model.ReflectiveCallable.run(ReflectiveCallable.java:12)
	at org.junit.runners.model.FrameworkMethod.invokeExplosively(FrameworkMethod.java:44)
	at org.junit.internal.runners.statements.InvokeMethod.evaluate(InvokeMethod.java:17)
	at net.thucydides.junit.runners.ThucydidesStatement.evaluate(ThucydidesStatement.java:21)
	at org.junit.internal.runners.statements.RunBefores.evaluate(RunBefores.java:26)
	at org.junit.runners.ParentRunner.runLeaf(ParentRunner.java:271)
	at org.junit.runners.BlockJUnit4ClassRunner.runChild(BlockJUnit4ClassRunner.java:70)
	at net.thucydides.junit.runners.ThucydidesRunner.runChild(ThucydidesRunner.java:413)
	at net.thucydides.junit.runners.ThucydidesRunner.runChild(ThucydidesRunner.java:64)
	at org.junit.runners.ParentRunner$3.run(ParentRunner.java:238)
	at org.junit.runners.ParentRunner$1.schedule(ParentRunner.java:63)
	at org.junit.runners.ParentRunner.runChildren(ParentRunner.java:236)
	at org.junit.runners.ParentRunner.access$000(ParentRunner.java:53)
	at org.junit.runners.ParentRunner$2.evaluate(ParentRunner.java:229)
	at org.junit.runners.ParentRunner.run(ParentRunner.java:309)
	at net.thucydides.junit.runners.ThucydidesRunner.run(ThucydidesRunner.java:239)
	at org.apache.maven.surefire.junit4.JUnit4TestSet.execute(JUnit4TestSet.java:35)
	at org.apache.maven.surefire.junit4.JUnit4Provider.executeTestSet(JUnit4Provider.java:146)
	at org.apache.maven.surefire.junit4.JUnit4Provider.invoke(JUnit4Provider.java:97)
	at sun.reflect.NativeMethodAccessorImpl.invoke0(Native Method)
	at sun.reflect.NativeMethodAccessorImpl.invoke(NativeMethodAccessorImpl.java:57)
	at sun.reflect.DelegatingMethodAccessorImpl.invoke(DelegatingMethodAccessorImpl.java:43)
	at java.lang.reflect.Method.invoke(Method.java:606)
	at org.apache.maven.surefire.booter.ProviderFactory$ClassLoaderProxy.invoke(ProviderFactory.java:103)
	at com.sun.proxy.$Proxy0.invoke(Unknown Source)
	at org.apache.maven.surefire.booter.SurefireStarter.invokeProvider(SurefireStarter.java:145)
	at org.apache.maven.surefire.booter.SurefireStarter.runSuitesInProcess(SurefireStarter.java:87)
	at org.apache.maven.surefire.booter.ForkedBooter.main(ForkedBooter.java:69)
</failure>
    <system-out>@SLTests run: 2, Failures: 0, Errors: 0, Skipped: 0, Time elapsed: 20.281 sec
@SLRunning tests.OksanaTest
</system-out>
  </testcase>
  <testcase time="7.815" classname="tests.OksanaTest" name="OksanaMethod2"/>
</testsuite>